Determining if the function log exists failed with the following output:
Change Dir: /home/fangyuan/workspace/github/algorithm/CMake_learning/MakeTable/CMakeFiles/CMakeTmp

Run Build Command:"/usr/bin/make" "cmTC_4d885/fast"
/usr/bin/make -f CMakeFiles/cmTC_4d885.dir/build.make CMakeFiles/cmTC_4d885.dir/build
make[1]: Entering directory '/home/fangyuan/workspace/github/algorithm/CMake_learning/MakeTable/CMakeFiles/CMakeTmp'
Building C object CMakeFiles/cmTC_4d885.dir/CheckFunctionExists.c.o
/usr/bin/cc    -DCHECK_FUNCTION_EXISTS=log   -o CMakeFiles/cmTC_4d885.dir/CheckFunctionExists.c.o   -c /usr/share/cmake-3.5/Modules/CheckFunctionExists.c
<command-line>:0:23: warning: conflicting types for built-in function ‘log’
/usr/share/cmake-3.5/Modules/CheckFunctionExists.c:6:6: note: in expansion of macro ‘CHECK_FUNCTION_EXISTS’
 char CHECK_FUNCTION_EXISTS();
      ^
Linking C executable cmTC_4d885
/usr/bin/cmake -E cmake_link_script CMakeFiles/cmTC_4d885.dir/link.txt --verbose=1
/usr/bin/cc   -DCHECK_FUNCTION_EXISTS=log    CMakeFiles/cmTC_4d885.dir/CheckFunctionExists.c.o  -o cmTC_4d885 -rdynamic 
CMakeFiles/cmTC_4d885.dir/CheckFunctionExists.c.o: In function `main':
CheckFunctionExists.c:(.text+0x15): undefined reference to `log'
collect2: error: ld returned 1 exit status
CMakeFiles/cmTC_4d885.dir/build.make:97: recipe for target 'cmTC_4d885' failed
make[1]: *** [cmTC_4d885] Error 1
make[1]: Leaving directory '/home/fangyuan/workspace/github/algorithm/CMake_learning/MakeTable/CMakeFiles/CMakeTmp'
Makefile:126: recipe for target 'cmTC_4d885/fast' failed
make: *** [cmTC_4d885/fast] Error 2


Determining if the function exp exists failed with the following output:
Change Dir: /home/fangyuan/workspace/github/algorithm/CMake_learning/MakeTable/CMakeFiles/CMakeTmp

Run Build Command:"/usr/bin/make" "cmTC_8ab4a/fast"
/usr/bin/make -f CMakeFiles/cmTC_8ab4a.dir/build.make CMakeFiles/cmTC_8ab4a.dir/build
make[1]: Entering directory '/home/fangyuan/workspace/github/algorithm/CMake_learning/MakeTable/CMakeFiles/CMakeTmp'
Building C object CMakeFiles/cmTC_8ab4a.dir/CheckFunctionExists.c.o
/usr/bin/cc    -DCHECK_FUNCTION_EXISTS=exp   -o CMakeFiles/cmTC_8ab4a.dir/CheckFunctionExists.c.o   -c /usr/share/cmake-3.5/Modules/CheckFunctionExists.c
<command-line>:0:23: warning: conflicting types for built-in function ‘exp’
/usr/share/cmake-3.5/Modules/CheckFunctionExists.c:6:6: note: in expansion of macro ‘CHECK_FUNCTION_EXISTS’
 char CHECK_FUNCTION_EXISTS();
      ^
Linking C executable cmTC_8ab4a
/usr/bin/cmake -E cmake_link_script CMakeFiles/cmTC_8ab4a.dir/link.txt --verbose=1
/usr/bin/cc   -DCHECK_FUNCTION_EXISTS=exp    CMakeFiles/cmTC_8ab4a.dir/CheckFunctionExists.c.o  -o cmTC_8ab4a -rdynamic 
CMakeFiles/cmTC_8ab4a.dir/CheckFunctionExists.c.o: In function `main':
CheckFunctionExists.c:(.text+0x15): undefined reference to `exp'
collect2: error: ld returned 1 exit status
CMakeFiles/cmTC_8ab4a.dir/build.make:97: recipe for target 'cmTC_8ab4a' failed
make[1]: *** [cmTC_8ab4a] Error 1
make[1]: Leaving directory '/home/fangyuan/workspace/github/algorithm/CMake_learning/MakeTable/CMakeFiles/CMakeTmp'
Makefile:126: recipe for target 'cmTC_8ab4a/fast' failed
make: *** [cmTC_8ab4a/fast] Error 2


